c:\users\evana\onedrive - colorado community college system\fall 2020\cs2\capstone project\character builder\character builder\debug\vc142.pdb
c:\users\evana\onedrive - colorado community college system\fall 2020\cs2\capstone project\character builder\character builder\debug\vc142.idb
c:\users\evana\onedrive - colorado community college system\fall 2020\cs2\capstone project\character builder\character builder\debug\dice_roller_imp.obj
c:\users\evana\onedrive - colorado community college system\fall 2020\cs2\capstone project\character builder\character builder\debug\source.obj
c:\users\evana\onedrive - colorado community college system\fall 2020\cs2\capstone project\character builder\character builder\debug\stats_imp.obj
c:\users\evana\onedrive - colorado community college system\fall 2020\cs2\capstone project\character builder\character builder\debug\char_imp.obj
c:\users\evana\onedrive - colorado community college system\fall 2020\cs2\capstone project\character builder\character builder\debug\fighter_imp.obj
c:\users\evana\onedrive - colorado community college system\fall 2020\cs2\capstone project\character builder\character builder\debug\races_imp.obj
c:\users\evana\onedrive - colorado community college system\fall 2020\cs2\capstone project\character builder\character builder\debug\char_imp-evan-surface.obj
c:\users\evana\onedrive - colorado community college system\fall 2020\cs2\capstone project\character builder\character builder\debug\dice_roller_imp-evan-surface.obj
c:\users\evana\onedrive - colorado community college system\fall 2020\cs2\capstone project\character builder\character builder\debug\source-evan-surface.obj
c:\users\evana\onedrive - colorado community college system\fall 2020\cs2\capstone project\character builder\character builder\debug\stats_imp-evan-surface.obj
c:\users\evana\onedrive - colorado community college system\fall 2020\cs2\capstone project\character builder\character builder\debug\source.obj.enc
c:\users\evana\onedrive - colorado community college system\fall 2020\cs2\capstone project\character builder\character builder\debug\stats_imp.obj.enc
c:\users\evana\onedrive - colorado community college system\fall 2020\cs2\capstone project\character builder\character builder\debug\vc142-evan-surface.idb
c:\users\evana\onedrive - colorado community college system\fall 2020\cs2\capstone project\character builder\character builder\debug\vc142-desktop-90vlp2j.pdb
c:\users\evana\onedrive - colorado community college system\fall 2020\cs2\capstone project\character builder\character builder\debug\vc142-evan-surface.pdb
c:\users\evana\onedrive - colorado community college system\fall 2020\cs2\capstone project\character builder\debug\character builder.pdb
c:\users\evana\onedrive - colorado community college system\fall 2020\cs2\capstone project\character builder\character builder\debug\characte.c346c695.tlog\cl.command.1.tlog
c:\users\evana\onedrive - colorado community college system\fall 2020\cs2\capstone project\character builder\character builder\debug\characte.c346c695.tlog\cl.read.1-evan-surface.tlog
c:\users\evana\onedrive - colorado community college system\fall 2020\cs2\capstone project\character builder\character builder\debug\characte.c346c695.tlog\cl.write.1-evan-surface.tlog
c:\users\evana\onedrive - colorado community college system\fall 2020\cs2\capstone project\character builder\character builder\debug\characte.c346c695.tlog\link-cvtres.read.1.tlog
c:\users\evana\onedrive - colorado community college system\fall 2020\cs2\capstone project\character builder\character builder\debug\characte.c346c695.tlog\link-cvtres.write.1.tlog
c:\users\evana\onedrive - colorado community college system\fall 2020\cs2\capstone project\character builder\character builder\debug\characte.c346c695.tlog\link-rc.read.1.tlog
c:\users\evana\onedrive - colorado community college system\fall 2020\cs2\capstone project\character builder\character builder\debug\characte.c346c695.tlog\link-rc.write.1.tlog
c:\users\evana\onedrive - colorado community college system\fall 2020\cs2\capstone project\character builder\character builder\debug\characte.c346c695.tlog\link.21436-cvtres.read.1.tlog
c:\users\evana\onedrive - colorado community college system\fall 2020\cs2\capstone project\character builder\character builder\debug\characte.c346c695.tlog\link.21436-cvtres.write.1.tlog
c:\users\evana\onedrive - colorado community college system\fall 2020\cs2\capstone project\character builder\character builder\debug\characte.c346c695.tlog\link.21436-rc.read.1.tlog
c:\users\evana\onedrive - colorado community college system\fall 2020\cs2\capstone project\character builder\character builder\debug\characte.c346c695.tlog\link.21436-rc.write.1.tlog
c:\users\evana\onedrive - colorado community college system\fall 2020\cs2\capstone project\character builder\character builder\debug\characte.c346c695.tlog\link.21436.read.1.tlog
c:\users\evana\onedrive - colorado community college system\fall 2020\cs2\capstone project\character builder\character builder\debug\characte.c346c695.tlog\link.21436.write.1.tlog
c:\users\evana\onedrive - colorado community college system\fall 2020\cs2\capstone project\character builder\character builder\debug\characte.c346c695.tlog\link.command.1.tlog
c:\users\evana\onedrive - colorado community college system\fall 2020\cs2\capstone project\character builder\character builder\debug\characte.c346c695.tlog\link.read.1-evan-surface.tlog
c:\users\evana\onedrive - colorado community college system\fall 2020\cs2\capstone project\character builder\character builder\debug\characte.c346c695.tlog\link.read.1.tlog
c:\users\evana\onedrive - colorado community college system\fall 2020\cs2\capstone project\character builder\character builder\debug\characte.c346c695.tlog\link.write.1.tlog
